2024-10-01 02:36:44 - INFO - 函数 'get_stock_data' 开始运行.
2024-10-01 02:36:45 - INFO - (            date       code       open       high  ...      turn tradestatus     pctChg isST
0     2020-01-02  sh.000300  4121.3480  4172.6550  ...  0.663713           1   1.358645    0
1     2020-01-03  sh.000300  4161.2180  4164.2980  ...  0.520521           1  -0.175231    0
2     2020-01-06  sh.000300  4120.5210  4170.6380  ...  0.638914           1  -0.378025    0
3     2020-01-07  sh.000300  4137.4010  4161.2500  ...  0.000000           1   0.749087    0
4     2020-01-08  sh.000300  4139.6310  4149.8130  ...  0.610714           1  -1.151620    0
...          ...        ...        ...        ...  ...       ...         ...        ...  ...
1146  2024-09-24  sh.000300  3244.6468  3351.9684  ...  0.650073           1   4.331009    0
1147  2024-09-25  sh.000300  3403.7021  3465.4882  ...  0.769504           1   1.480470    0
1148  2024-09-26  sh.000300  3399.3188  3545.3249  ...  0.774504           1   4.227135    0
1149  2024-09-27  sh.000300  3617.9203  3708.4951  ...  0.845712           1   4.466860    0
1150  2024-09-30  sh.000300  3846.6515  4038.6968  ...  1.615929           1   8.482622    0

[1151 rows x 14 columns], {'login respond error_code': '0', 'login respond error_msg': 'success', 'query_history_k_data_plus respond error_code': '0', 'query_history_k_data_plus respond  error_msg': 'success'})
2024-10-01 02:40:34 - INFO - 函数 'get_stock_data' 开始运行.
2024-10-01 02:40:34 - INFO - (            date       code       open       high  ...      turn tradestatus     pctChg isST
0     2020-01-02  sh.000300  4121.3480  4172.6550  ...  0.663713           1   1.358645    0
1     2020-01-03  sh.000300  4161.2180  4164.2980  ...  0.520521           1  -0.175231    0
2     2020-01-06  sh.000300  4120.5210  4170.6380  ...  0.638914           1  -0.378025    0
3     2020-01-07  sh.000300  4137.4010  4161.2500  ...  0.000000           1   0.749087    0
4     2020-01-08  sh.000300  4139.6310  4149.8130  ...  0.610714           1  -1.151620    0
...          ...        ...        ...        ...  ...       ...         ...        ...  ...
1146  2024-09-24  sh.000300  3244.6468  3351.9684  ...  0.650073           1   4.331009    0
1147  2024-09-25  sh.000300  3403.7021  3465.4882  ...  0.769504           1   1.480470    0
1148  2024-09-26  sh.000300  3399.3188  3545.3249  ...  0.774504           1   4.227135    0
1149  2024-09-27  sh.000300  3617.9203  3708.4951  ...  0.845712           1   4.466860    0
1150  2024-09-30  sh.000300  3846.6515  4038.6968  ...  1.615929           1   8.482622    0

[1151 rows x 14 columns], {'login respond error_code': '0', 'login respond error_msg': 'success', 'query_history_k_data_plus respond error_code': '0', 'query_history_k_data_plus respond  error_msg': 'success'})
2024-10-01 02:40:45 - INFO - 函数 'get_stock_data' 开始运行.
2024-10-01 02:40:46 - INFO - (            date       code       open       high  ...      turn tradestatus     pctChg isST
0     2020-01-02  sh.000300  4121.3480  4172.6550  ...  0.663713           1   1.358645    0
1     2020-01-03  sh.000300  4161.2180  4164.2980  ...  0.520521           1  -0.175231    0
2     2020-01-06  sh.000300  4120.5210  4170.6380  ...  0.638914           1  -0.378025    0
3     2020-01-07  sh.000300  4137.4010  4161.2500  ...  0.000000           1   0.749087    0
4     2020-01-08  sh.000300  4139.6310  4149.8130  ...  0.610714           1  -1.151620    0
...          ...        ...        ...        ...  ...       ...         ...        ...  ...
1146  2024-09-24  sh.000300  3244.6468  3351.9684  ...  0.650073           1   4.331009    0
1147  2024-09-25  sh.000300  3403.7021  3465.4882  ...  0.769504           1   1.480470    0
1148  2024-09-26  sh.000300  3399.3188  3545.3249  ...  0.774504           1   4.227135    0
1149  2024-09-27  sh.000300  3617.9203  3708.4951  ...  0.845712           1   4.466860    0
1150  2024-09-30  sh.000300  3846.6515  4038.6968  ...  1.615929           1   8.482622    0

[1151 rows x 14 columns], {'login respond error_code': '0', 'login respond error_msg': 'success', 'query_history_k_data_plus respond error_code': '0', 'query_history_k_data_plus respond  error_msg': 'success'})
2024-10-01 02:41:53 - INFO - 函数 'get_stock_data' 开始运行.
2024-10-01 02:41:54 - INFO - (            date       code       open       high  ...      turn tradestatus     pctChg isST
0     2020-01-02  sh.000300  4121.3480  4172.6550  ...  0.663713           1   1.358645    0
1     2020-01-03  sh.000300  4161.2180  4164.2980  ...  0.520521           1  -0.175231    0
2     2020-01-06  sh.000300  4120.5210  4170.6380  ...  0.638914           1  -0.378025    0
3     2020-01-07  sh.000300  4137.4010  4161.2500  ...  0.000000           1   0.749087    0
4     2020-01-08  sh.000300  4139.6310  4149.8130  ...  0.610714           1  -1.151620    0
...          ...        ...        ...        ...  ...       ...         ...        ...  ...
1146  2024-09-24  sh.000300  3244.6468  3351.9684  ...  0.650073           1   4.331009    0
1147  2024-09-25  sh.000300  3403.7021  3465.4882  ...  0.769504           1   1.480470    0
1148  2024-09-26  sh.000300  3399.3188  3545.3249  ...  0.774504           1   4.227135    0
1149  2024-09-27  sh.000300  3617.9203  3708.4951  ...  0.845712           1   4.466860    0
1150  2024-09-30  sh.000300  3846.6515  4038.6968  ...  1.615929           1   8.482622    0

[1151 rows x 14 columns], {'login respond error_code': '0', 'login respond error_msg': 'success', 'query_history_k_data_plus respond error_code': '0', 'query_history_k_data_plus respond  error_msg': 'success'})
2024-10-01 02:44:51 - INFO - 函数 'get_stock_data' 开始运行.
2024-10-01 02:44:51 - INFO - (            date       code       open       high  ...      turn tradestatus     pctChg isST
0     2005-01-04  sh.000300   994.7700   994.7700  ...  0.000000           1   0.000000    0
1     2005-01-05  sh.000300   981.5800   997.3200  ...  0.000000           1   0.994107    0
2     2005-01-06  sh.000300   993.3300   993.7900  ...  0.000000           1  -0.946036    0
3     2005-01-07  sh.000300   983.0500   995.7100  ...  0.000000           1   0.079741    0
4     2005-01-10  sh.000300   983.7600   993.9600  ...  0.000000           1   1.008277    0
...          ...        ...        ...        ...  ...       ...         ...        ...  ...
4792  2024-09-24  sh.000300  3244.6468  3351.9684  ...  0.650073           1   4.331009    0
4793  2024-09-25  sh.000300  3403.7021  3465.4882  ...  0.769504           1   1.480470    0
4794  2024-09-26  sh.000300  3399.3188  3545.3249  ...  0.774504           1   4.227135    0
4795  2024-09-27  sh.000300  3617.9203  3708.4951  ...  0.845712           1   4.466860    0
4796  2024-09-30  sh.000300  3846.6515  4038.6968  ...  1.615929           1   8.482622    0

[4797 rows x 14 columns], {'login respond error_code': '0', 'login respond error_msg': 'success', 'query_history_k_data_plus respond error_code': '0', 'query_history_k_data_plus respond  error_msg': 'success'})
2024-10-01 11:39:53 - INFO - 函数 'get_stock_data' 开始运行.
2024-10-01 11:39:56 - INFO - (            date       code       open       high  ...      turn tradestatus    pctChg isST
0     1990-12-19  sh.000001    96.0500    99.9800  ...  0.000000           1  0.000000    0
1     1990-12-20  sh.000001   104.3000   104.3900  ...  0.000000           1  0.000000    0
2     1990-12-21  sh.000001   109.0700   109.1300  ...  0.000000           1  4.540663    0
3     1990-12-24  sh.000001   113.5700   114.5500  ...  0.000000           1  4.966559    0
4     1990-12-25  sh.000001   120.0900   120.2500  ...  0.000000           1  4.975990    0
...          ...        ...        ...        ...  ...       ...         ...       ...  ...
8246  2024-09-24  sh.000001  2770.7543  2863.1519  ...  1.045673           1  4.154646    0
8247  2024-09-25  sh.000001  2901.4185  2952.4511  ...  1.244034           1  1.158880    0
8248  2024-09-26  sh.000001  2893.7451  3000.9526  ...  1.261588           1  3.613117    0
8249  2024-09-27  sh.000001  3049.1026  3087.5286  ...  1.077403           1  2.884951    0
8250  2024-09-30  sh.000001  3194.7224  3358.5883  ...  2.402703           1  8.063692    0

[8251 rows x 14 columns], {'login respond error_code': '0', 'login respond error_msg': 'success', 'query_history_k_data_plus respond error_code': '0', 'query_history_k_data_plus respond  error_msg': 'success'})
2024-10-10 22:52:31 - INFO - 函数 'get_stock_data' 开始运行.
2024-10-10 22:52:31 - INFO - (         date       code       open       high  ...      turn tradestatus    pctChg isST
0  2020-01-02  sh.000300  4121.3480  4172.6550  ...  0.663713           1  1.358645    0

[1 rows x 14 columns], {'login respond error_code': '0', 'login respond error_msg': 'success', 'query_history_k_data_plus respond error_code': '0', 'query_history_k_data_plus respond  error_msg': 'success'})
